# JRE version: OpenJDK Runtime Environment Microsoft-8035246 (17.0.8+7) (build 17.0.8+7-LTS)
# Java VM: OpenJDK 64-Bit Server VM Microsoft-8035246 (17.0.8+7-LTS, mixed mode, sharing, tiered, compressed oops, compressed class ptrs, g1 gc, windows-amd64)
GC Precious Log:
 CPUs: 12 total, 12 available
 Memory: 7532M
 Large Page Support: Disabled
 NUMA Support: Disabled
 Compressed Oops: Enabled (32-bit)
 Heap Region Size: 1M
 Heap Min Capacity: 8M
 Heap Initial Capacity: 118M
 Heap Max Capacity: 2G
 Pre-touch: Disabled
 Parallel Workers: 10
 Concurrent Workers: 3
 Concurrent Refinement Workers: 10
 Periodic GC: Disabled
Heap:
 garbage-first heap   total 342016K, used 224653K [0x0000000080000000, 0x0000000100000000)
  region size 1024K, 24 young (24576K), 10 survivors (10240K)
 Metaspace       used 108075K, committed 109312K, reserved 557056K
  class space    used 14996K, committed 15552K, reserved 425984K
GC Heap History (20 events):
Event: 23.156 GC heap before
{Heap before GC invocations=36 (full 0):
 garbage-first heap   total 168960K, used 129630K [0x0000000080000000, 0x0000000100000000)
  region size 1024K, 44 young (45056K), 1 survivors (1024K)
 Metaspace       used 76848K, committed 77568K, reserved 557056K
  class space    used 10646K, committed 10944K, reserved 425984K
}
Event: 23.163 GC heap after
{Heap after GC invocations=37 (full 0):
 garbage-first heap   total 342016K, used 87062K [0x0000000080000000, 0x0000000100000000)
  region size 1024K, 3 young (3072K), 3 survivors (3072K)
 Metaspace       used 76848K, committed 77568K, reserved 557056K
  class space    used 10646K, committed 10944K, reserved 425984K
}
Event: 30.820 GC heap before
{Heap before GC invocations=37 (full 0):
 garbage-first heap   total 342016K, used 223254K [0x0000000080000000, 0x0000000100000000)
  region size 1024K, 135 young (138240K), 3 survivors (3072K)
 Metaspace       used 83336K, committed 84096K, reserved 557056K
  class space    used 11613K, committed 11968K, reserved 425984K
}
Event: 30.833 GC heap after
{Heap after GC invocations=38 (full 0):
 garbage-first heap   total 342016K, used 93915K [0x0000000080000000, 0x0000000100000000)
  region size 1024K, 9 young (9216K), 9 survivors (9216K)
 Metaspace       used 83336K, committed 84096K, reserved 557056K
  class space    used 11613K, committed 11968K, reserved 425984K
}
Event: 35.285 GC heap before
{Heap before GC invocations=38 (full 0):
 garbage-first heap   total 342016K, used 264923K [0x0000000080000000, 0x0000000100000000)
  region size 1024K, 168 young (172032K), 9 survivors (9216K)
 Metaspace       used 90877K, committed 91712K, reserved 557056K
  class space    used 12698K, committed 13056K, reserved 425984K
}
Event: 35.306 GC heap after
{Heap after GC invocations=39 (full 0):
 garbage-first heap   total 342016K, used 125879K [0x0000000080000000, 0x0000000100000000)
  region size 1024K, 21 young (21504K), 21 survivors (21504K)
 Metaspace       used 90877K, committed 91712K, reserved 557056K
  class space    used 12698K, committed 13056K, reserved 425984K
}
Event: 37.579 GC heap before
{Heap before GC invocations=39 (full 0):
 garbage-first heap   total 342016K, used 254903K [0x0000000080000000, 0x0000000100000000)
  region size 1024K, 145 young (148480K), 21 survivors (21504K)
 Metaspace       used 95386K, committed 96320K, reserved 557056K
  class space    used 13343K, committed 13760K, reserved 425984K
}
Event: 37.646 GC heap after
{Heap after GC invocations=40 (full 0):
 garbage-first heap   total 342016K, used 146782K [0x0000000080000000, 0x0000000100000000)
  region size 1024K, 18 young (18432K), 18 survivors (18432K)
 Metaspace       used 95386K, committed 96320K, reserved 557056K
  class space    used 13343K, committed 13760K, reserved 425984K
}
Event: 38.993 GC heap before
{Heap before GC invocations=40 (full 0):
 garbage-first heap   total 342016K, used 258398K [0x0000000080000000, 0x0000000100000000)
  region size 1024K, 127 young (130048K), 18 survivors (18432K)
 Metaspace       used 98541K, committed 99520K, reserved 557056K
  class space    used 13766K, committed 14208K, reserved 425984K
}
Event: 39.014 GC heap after
{Heap after GC invocations=41 (full 0):
 garbage-first heap   total 342016K, used 160076K [0x0000000080000000, 0x0000000100000000)
  region size 1024K, 14 young (14336K), 14 survivors (14336K)
 Metaspace       used 98541K, committed 99520K, reserved 557056K
  class space    used 13766K, committed 14208K, reserved 425984K
}
Event: 40.188 GC heap before
{Heap before GC invocations=41 (full 0):
 garbage-first heap   total 342016K, used 265548K [0x0000000080000000, 0x0000000100000000)
  region size 1024K, 116 young (118784K), 14 survivors (14336K)
 Metaspace       used 99627K, committed 100672K, reserved 557056K
  class space    used 13892K, committed 14400K, reserved 425984K
}
Event: 40.209 GC heap after
{Heap after GC invocations=42 (full 0):
 garbage-first heap   total 342016K, used 178739K [0x0000000080000000, 0x0000000100000000)
  region size 1024K, 15 young (15360K), 15 survivors (15360K)
 Metaspace       used 99627K, committed 100672K, reserved 557056K
  class space    used 13892K, committed 14400K, reserved 425984K
}
Event: 41.366 GC heap before
{Heap before GC invocations=42 (full 0):
 garbage-first heap   total 342016K, used 266803K [0x0000000080000000, 0x0000000100000000)
  region size 1024K, 101 young (103424K), 15 survivors (15360K)
 Metaspace       used 104105K, committed 105280K, reserved 557056K
  class space    used 14505K, committed 15040K, reserved 425984K
}
Event: 41.385 GC heap after
{Heap after GC invocations=43 (full 0):
 garbage-first heap   total 342016K, used 190315K [0x0000000080000000, 0x0000000100000000)
  region size 1024K, 11 young (11264K), 11 survivors (11264K)
 Metaspace       used 104105K, committed 105280K, reserved 557056K
  class space    used 14505K, committed 15040K, reserved 425984K
}
Event: 42.132 GC heap before
{Heap before GC invocations=43 (full 0):
 garbage-first heap   total 342016K, used 271211K [0x0000000080000000, 0x0000000100000000)
  region size 1024K, 91 young (93184K), 11 survivors (11264K)
 Metaspace       used 105412K, committed 106624K, reserved 557056K
  class space    used 14599K, committed 15168K, reserved 425984K
}
Event: 42.148 GC heap after
{Heap after GC invocations=44 (full 0):
 garbage-first heap   total 342016K, used 200898K [0x0000000080000000, 0x0000000100000000)
  region size 1024K, 11 young (11264K), 11 survivors (11264K)
 Metaspace       used 105412K, committed 106624K, reserved 557056K
  class space    used 14599K, committed 15168K, reserved 425984K
}
Event: 42.878 GC heap before
{Heap before GC invocations=44 (full 0):
 garbage-first heap   total 342016K, used 279746K [0x0000000080000000, 0x0000000100000000)
  region size 1024K, 84 young (86016K), 11 survivors (11264K)
 Metaspace       used 107934K, committed 109120K, reserved 557056K
  class space    used 14995K, committed 15552K, reserved 425984K
}
Event: 42.892 GC heap after
{Heap after GC invocations=45 (full 0):
 garbage-first heap   total 342016K, used 207209K [0x0000000080000000, 0x0000000100000000)
  region size 1024K, 6 young (6144K), 6 survivors (6144K)
 Metaspace       used 107934K, committed 109120K, reserved 557056K
  class space    used 14995K, committed 15552K, reserved 425984K
}
Event: 43.287 GC heap before
{Heap before GC invocations=45 (full 0):
 garbage-first heap   total 342016K, used 278889K [0x0000000080000000, 0x0000000100000000)
  region size 1024K, 77 young (78848K), 6 survivors (6144K)
 Metaspace       used 108075K, committed 109312K, reserved 557056K
  class space    used 14996K, committed 15552K, reserved 425984K
}
Event: 43.295 GC heap after
{Heap after GC invocations=46 (full 0):
 garbage-first heap   total 342016K, used 211341K [0x0000000080000000, 0x0000000100000000)
  region size 1024K, 10 young (10240K), 10 survivors (10240K)
 Metaspace       used 108075K, committed 109312K, reserved 557056K
  class space    used 14996K, committed 15552K, reserved 425984K
}

